build/app/outputs/mapping/release/mapping.txt
# compiler: R8
# compiler_version: 1.5.64
# min_api: 16
# pg_map_id: c8b4f0b
...
com.google.android.gms.common.api.Api$SimpleClient -> com.google.android.gms.common.api.a$h:
    android.os.IInterface createServiceInterface(android.os.IBinder) -> a
    void setState(int,android.os.IInterface) -> a
    java.lang.String getServiceDescriptor() -> j
    java.lang.String getStartServiceAction() -> k
com.google.android.gms.common.api.ApiException -> com.google.android.gms.common.api.b:
com.google.android.gms.common.api.AvailabilityException -> com.google.android.gms.common.api.c:
    androidx.collection.ArrayMap zaay -> b
com.google.android.gms.common.api.CommonStatusCodes -> com.google.android.gms.common.api.d:
    java.lang.String getStatusCodeString(int) -> a
com.google.android.gms.common.api.GoogleApi -> com.google.android.gms.common.api.e:
    android.content.Context mContext -> a
    com.google.android.gms.common.api.internal.zai zabi -> d
    int mId -> e
    com.google.android.gms.common.api.Api$ApiOptions zabh -> c
    com.google.android.gms.common.api.Api mApi -> b
    com.google.android.gms.common.internal.ClientSettings$Builder createClientSettingsBuilder() -> a
    com.google.android.gms.common.api.Api$Client zaa(android.os.Looper,com.google.android.gms.common.api.internal.GoogleApiManager$zaa) -> a
    com.google.android.gms.common.api.internal.zace zaa(android.content.Context,android.os.Handler) -> a
    int getInstanceId() -> b
    com.google.android.gms.common.api.internal.zai zak() -> c
com.google.android.gms.common.api.GoogleApiActivity -> com.google.android.gms.common.api.GoogleApiActivity:
    int zabp -> b
    android.app.PendingIntent zaa(android.content.Context,android.app.PendingIntent,int) -> a
    android.content.Intent zaa(android.content.Context,android.app.PendingIntent,int,boolean) -> a
com.google.android.gms.common.api.GoogleApiClient$ConnectionCallbacks -> com.google.android.gms.common.api.f:
    void onConnected(android.os.Bundle) -> b
    void onConnectionSuspended(int) -> c
com.google.android.gms.common.api.GoogleApiClient$OnConnectionFailedListener -> com.google.android.gms.common.api.g:
    void onConnectionFailed(com.google.android.gms.common.ConnectionResult) -> a
com.google.android.gms.common.api.PendingResult -> com.google.android.gms.common.api.h:
com.google.android.gms.common.api.PendingResult$StatusListener -> com.google.android.gms.common.api.h$a:
    void onComplete(com.google.android.gms.common.api.Status) -> a
com.google.android.gms.common.api.Releasable -> com.google.android.gms.common.api.i:
    void release() -> a
com.google.android.gms.common.api.Result -> com.google.android.gms.common.api.j:
    com.google.android.gms.common.api.Status getStatus() -> a
com.google.android.gms.common.api.ResultCallback -> com.google.android.gms.common.api.k:
    void onResult(com.google.android.gms.common.api.Result) -> a
com.google.android.gms.common.api.Scope -> com.google.android.gms.common.api.Scope:
    int zzg -> b
    java.lang.String zzaq -> c
    java.lang.String getScopeUri() -> b
com.google.android.gms.common.api.Status -> com.google.android.gms.common.api.Status:
    com.google.android.gms.common.api.Status RESULT_CANCELED -> h
    com.google.android.gms.common.api.Status RESULT_TIMEOUT -> g
    com.google.android.gms.common.api.Status RESULT_SUCCESS -> f
    int zzg -> b
    int zzh -> c
    android.app.PendingIntent zzi -> e
    java.lang.String zzj -> d
    com.google.android.gms.common.api.Status getStatus() -> a
    int getStatusCode() -> b
    java.lang.String getStatusMessage() -> c
    java.lang.String zzg() -> d
com.google.android.gms.common.api.UnsupportedApiCallException -> com.google.android.gms.common.api.l:
    com.google.android.gms.common.Feature zzas -> b